{"D:\\Developer\\BackEndEd\\homework3\\src\\app.js": {"path":"D:\\Developer\\BackEndEd\\homework3\\src\\app.js","statementMap":{"0":{"start":{"line":1,"column":16},"end":{"line":1,"column":34}},"1":{"start":{"line":2,"column":15},"end":{"line":2,"column":32}},"2":{"start":{"line":3,"column":13},"end":{"line":3,"column":28}},"3":{"start":{"line":4,"column":23},"end":{"line":4,"column":51}},"4":{"start":{"line":5,"column":20},"end":{"line":5,"column":45}},"5":{"start":{"line":6,"column":15},"end":{"line":6,"column":32}},"6":{"start":{"line":7,"column":18},"end":{"line":7,"column":47}},"7":{"start":{"line":8,"column":30},"end":{"line":8,"column":60}},"8":{"start":{"line":10,"column":12},"end":{"line":10,"column":21}},"9":{"start":{"line":12,"column":22},"end":{"line":12,"column":72}},"10":{"start":{"line":14,"column":0},"end":{"line":14,"column":38}},"11":{"start":{"line":15,"column":0},"end":{"line":15,"column":18}},"12":{"start":{"line":16,"column":0},"end":{"line":16,"column":31}},"13":{"start":{"line":17,"column":0},"end":{"line":17,"column":16}},"14":{"start":{"line":18,"column":0},"end":{"line":18,"column":40}},"15":{"start":{"line":20,"column":0},"end":{"line":20,"column":41}},"16":{"start":{"line":21,"column":0},"end":{"line":21,"column":35}},"17":{"start":{"line":23,"column":0},"end":{"line":25,"column":3}},"18":{"start":{"line":24,"column":2},"end":{"line":24,"column":49}},"19":{"start":{"line":27,"column":0},"end":{"line":33,"column":3}},"20":{"start":{"line":28,"column":2},"end":{"line":32,"column":5}},"21":{"start":{"line":35,"column":0},"end":{"line":35,"column":21}}},"fnMap":{"0":{"name":"(anonymous_0)","decl":{"start":{"line":23,"column":8},"end":{"line":23,"column":9}},"loc":{"start":{"line":23,"column":22},"end":{"line":25,"column":1}},"line":23},"1":{"name":"(anonymous_1)","decl":{"start":{"line":27,"column":8},"end":{"line":27,"column":9}},"loc":{"start":{"line":27,"column":33},"end":{"line":33,"column":1}},"line":27}},"branchMap":{"0":{"loc":{"start":{"line":12,"column":22},"end":{"line":12,"column":72}},"type":"cond-expr","locations":[{"start":{"line":12,"column":57},"end":{"line":12,"column":62}},{"start":{"line":12,"column":65},"end":{"line":12,"column":72}}],"line":12},"1":{"loc":{"start":{"line":28,"column":13},"end":{"line":28,"column":42}},"type":"cond-expr","locations":[{"start":{"line":28,"column":26},"end":{"line":28,"column":36}},{"start":{"line":28,"column":39},"end":{"line":28,"column":42}}],"line":28}},"s":{"0":1,"1":1,"2":1,"3":1,"4":1,"5":1,"6":1,"7":1,"8":1,"9":1,"10":1,"11":1,"12":1,"13":1,"14":1,"15":1,"16":1,"17":1,"18":0,"19":1,"20":0,"21":1},"f":{"0":0,"1":0},"b":{"0":[0,1],"1":[0,0]},"_coverageSchema":"1a1c01bbd47fc00a2c39e90264f33305004495a9","hash":"8a2b41295be6bd852e52f4854fdb6a29babdb456"}
,"D:\\Developer\\BackEndEd\\homework3\\src\\api\\contacts.js": {"path":"D:\\Developer\\BackEndEd\\homework3\\src\\api\\contacts.js","statementMap":{"0":{"start":{"line":1,"column":16},"end":{"line":1,"column":34}},"1":{"start":{"line":2,"column":27},"end":{"line":2,"column":64}},"2":{"start":{"line":8,"column":14},"end":{"line":8,"column":44}},"3":{"start":{"line":11,"column":4},"end":{"line":11,"column":65}},"4":{"start":{"line":12,"column":15},"end":{"line":12,"column":31}},"5":{"start":{"line":14,"column":0},"end":{"line":25,"column":59}},"6":{"start":{"line":27,"column":0},"end":{"line":27,"column":24}}},"fnMap":{},"branchMap":{},"s":{"0":1,"1":1,"2":1,"3":1,"4":1,"5":1,"6":1},"f":{},"b":{},"_coverageSchema":"1a1c01bbd47fc00a2c39e90264f33305004495a9","hash":"a2e2db862547460b3cd312030d75d2e13e47124e"}
,"D:\\Developer\\BackEndEd\\homework3\\src\\api\\users.js": {"path":"D:\\Developer\\BackEndEd\\homework3\\src\\api\\users.js","statementMap":{"0":{"start":{"line":1,"column":16},"end":{"line":1,"column":34}},"1":{"start":{"line":2,"column":15},"end":{"line":2,"column":31}},"2":{"start":{"line":3,"column":24},"end":{"line":3,"column":58}},"3":{"start":{"line":4,"column":14},"end":{"line":4,"column":44}},"4":{"start":{"line":5,"column":18},"end":{"line":5,"column":47}},"5":{"start":{"line":6,"column":34},"end":{"line":6,"column":65}},"6":{"start":{"line":9,"column":4},"end":{"line":9,"column":59}},"7":{"start":{"line":10,"column":19},"end":{"line":10,"column":52}},"8":{"start":{"line":12,"column":23},"end":{"line":12,"column":55}},"9":{"start":{"line":14,"column":0},"end":{"line":35,"column":4}},"10":{"start":{"line":37,"column":0},"end":{"line":37,"column":24}}},"fnMap":{},"branchMap":{},"s":{"0":1,"1":1,"2":1,"3":1,"4":1,"5":1,"6":1,"7":1,"8":1,"9":1,"10":1},"f":{},"b":{},"_coverageSchema":"1a1c01bbd47fc00a2c39e90264f33305004495a9","hash":"b63db596e6b10b8c4b8aaf593fd2a2dac536763e"}
,"D:\\Developer\\BackEndEd\\homework3\\src\\configs\\cloudinary.js": {"path":"D:\\Developer\\BackEndEd\\homework3\\src\\configs\\cloudinary.js","statementMap":{"0":{"start":{"line":1,"column":19},"end":{"line":1,"column":43}},"1":{"start":{"line":3,"column":0},"end":{"line":3,"column":27}},"2":{"start":{"line":5,"column":44},"end":{"line":5,"column":55}},"3":{"start":{"line":7,"column":0},"end":{"line":11,"column":3}},"4":{"start":{"line":13,"column":0},"end":{"line":13,"column":32}}},"fnMap":{},"branchMap":{},"s":{"0":1,"1":1,"2":1,"3":1,"4":1},"f":{},"b":{},"_coverageSchema":"1a1c01bbd47fc00a2c39e90264f33305004495a9","hash":"a0e161d56c049da7cb9a6a07c1ac3149e8d10c60"}
,"D:\\Developer\\BackEndEd\\homework3\\src\\configs\\limits.js": {"path":"D:\\Developer\\BackEndEd\\homework3\\src\\configs\\limits.js","statementMap":{"0":{"start":{"line":1,"column":26},"end":{"line":6,"column":1}},"1":{"start":{"line":8,"column":30},"end":{"line":14,"column":1}},"2":{"start":{"line":16,"column":0},"end":{"line":16,"column":62}}},"fnMap":{},"branchMap":{},"s":{"0":1,"1":1,"2":1},"f":{},"b":{},"_coverageSchema":"1a1c01bbd47fc00a2c39e90264f33305004495a9","hash":"db471c0f94ec810e1e36ef2da119241b6ab5424b"}
,"D:\\Developer\\BackEndEd\\homework3\\src\\configs\\passport.js": {"path":"D:\\Developer\\BackEndEd\\homework3\\src\\configs\\passport.js","statementMap":{"0":{"start":{"line":1,"column":17},"end":{"line":1,"column":36}},"1":{"start":{"line":2,"column":33},"end":{"line":2,"column":56}},"2":{"start":{"line":3,"column":20},"end":{"line":3,"column":51}},"3":{"start":{"line":4,"column":0},"end":{"line":4,"column":27}},"4":{"start":{"line":5,"column":19},"end":{"line":5,"column":45}},"5":{"start":{"line":7,"column":15},"end":{"line":10,"column":1}},"6":{"start":{"line":12,"column":0},"end":{"line":29,"column":2}},"7":{"start":{"line":14,"column":4},"end":{"line":27,"column":5}},"8":{"start":{"line":15,"column":19},"end":{"line":15,"column":60}},"9":{"start":{"line":16,"column":6},"end":{"line":18,"column":7}},"10":{"start":{"line":17,"column":8},"end":{"line":17,"column":49}},"11":{"start":{"line":20,"column":6},"end":{"line":22,"column":7}},"12":{"start":{"line":21,"column":8},"end":{"line":21,"column":33}},"13":{"start":{"line":24,"column":6},"end":{"line":24,"column":30}},"14":{"start":{"line":26,"column":6},"end":{"line":26,"column":18}}},"fnMap":{"0":{"name":"(anonymous_0)","decl":{"start":{"line":13,"column":23},"end":{"line":13,"column":24}},"loc":{"start":{"line":13,"column":48},"end":{"line":28,"column":3}},"line":13}},"branchMap":{"0":{"loc":{"start":{"line":16,"column":6},"end":{"line":18,"column":7}},"type":"if","locations":[{"start":{"line":16,"column":6},"end":{"line":18,"column":7}},{"start":{},"end":{}}],"line":16},"1":{"loc":{"start":{"line":20,"column":6},"end":{"line":22,"column":7}},"type":"if","locations":[{"start":{"line":20,"column":6},"end":{"line":22,"column":7}},{"start":{},"end":{}}],"line":20}},"s":{"0":1,"1":1,"2":1,"3":1,"4":1,"5":1,"6":1,"7":0,"8":0,"9":0,"10":0,"11":0,"12":0,"13":0,"14":0},"f":{"0":0},"b":{"0":[0,0],"1":[0,0]},"_coverageSchema":"1a1c01bbd47fc00a2c39e90264f33305004495a9","hash":"cfc8fc3f027a5e4c2054475d788fc808e49dadd0"}
,"D:\\Developer\\BackEndEd\\homework3\\src\\controllers\\contacts.js": {"path":"D:\\Developer\\BackEndEd\\homework3\\src\\controllers\\contacts.js","statementMap":{"0":{"start":{"line":1,"column":21},"end":{"line":1,"column":52}},"1":{"start":{"line":8,"column":4},"end":{"line":8,"column":38}},"2":{"start":{"line":10,"column":15},"end":{"line":22,"column":1}},"3":{"start":{"line":11,"column":2},"end":{"line":21,"column":3}},"4":{"start":{"line":12,"column":19},"end":{"line":12,"column":30}},"5":{"start":{"line":13,"column":21},"end":{"line":13,"column":60}},"6":{"start":{"line":14,"column":4},"end":{"line":18,"column":7}},"7":{"start":{"line":20,"column":4},"end":{"line":20,"column":16}},"8":{"start":{"line":24,"column":16},"end":{"line":44,"column":1}},"9":{"start":{"line":25,"column":2},"end":{"line":43,"column":3}},"10":{"start":{"line":26,"column":19},"end":{"line":26,"column":30}},"11":{"start":{"line":27,"column":20},"end":{"line":27,"column":60}},"12":{"start":{"line":28,"column":4},"end":{"line":40,"column":5}},"13":{"start":{"line":29,"column":6},"end":{"line":33,"column":9}},"14":{"start":{"line":35,"column":6},"end":{"line":39,"column":9}},"15":{"start":{"line":42,"column":4},"end":{"line":42,"column":16}},"16":{"start":{"line":46,"column":15},"end":{"line":58,"column":1}},"17":{"start":{"line":47,"column":17},"end":{"line":47,"column":28}},"18":{"start":{"line":48,"column":2},"end":{"line":57,"column":3}},"19":{"start":{"line":49,"column":20},"end":{"line":49,"column":57}},"20":{"start":{"line":50,"column":4},"end":{"line":54,"column":7}},"21":{"start":{"line":56,"column":4},"end":{"line":56,"column":16}},"22":{"start":{"line":60,"column":15},"end":{"line":84,"column":1}},"23":{"start":{"line":61,"column":2},"end":{"line":83,"column":3}},"24":{"start":{"line":62,"column":19},"end":{"line":62,"column":30}},"25":{"start":{"line":64,"column":20},"end":{"line":64,"column":69}},"26":{"start":{"line":65,"column":4},"end":{"line":77,"column":5}},"27":{"start":{"line":66,"column":6},"end":{"line":70,"column":9}},"28":{"start":{"line":72,"column":6},"end":{"line":76,"column":9}},"29":{"start":{"line":79,"column":4},"end":{"line":82,"column":7}},"30":{"start":{"line":86,"column":15},"end":{"line":102,"column":1}},"31":{"start":{"line":87,"column":17},"end":{"line":87,"column":28}},"32":{"start":{"line":88,"column":2},"end":{"line":101,"column":3}},"33":{"start":{"line":89,"column":20},"end":{"line":89,"column":59}},"34":{"start":{"line":90,"column":4},"end":{"line":98,"column":5}},"35":{"start":{"line":91,"column":6},"end":{"line":91,"column":55}},"36":{"start":{"line":93,"column":6},"end":{"line":97,"column":9}},"37":{"start":{"line":100,"column":4},"end":{"line":100,"column":16}},"38":{"start":{"line":104,"column":0},"end":{"line":110,"column":2}}},"fnMap":{"0":{"name":"(anonymous_0)","decl":{"start":{"line":10,"column":15},"end":{"line":10,"column":16}},"loc":{"start":{"line":10,"column":41},"end":{"line":22,"column":1}},"line":10},"1":{"name":"(anonymous_1)","decl":{"start":{"line":24,"column":16},"end":{"line":24,"column":17}},"loc":{"start":{"line":24,"column":42},"end":{"line":44,"column":1}},"line":24},"2":{"name":"(anonymous_2)","decl":{"start":{"line":46,"column":15},"end":{"line":46,"column":16}},"loc":{"start":{"line":46,"column":41},"end":{"line":58,"column":1}},"line":46},"3":{"name":"(anonymous_3)","decl":{"start":{"line":60,"column":15},"end":{"line":60,"column":16}},"loc":{"start":{"line":60,"column":41},"end":{"line":84,"column":1}},"line":60},"4":{"name":"(anonymous_4)","decl":{"start":{"line":86,"column":15},"end":{"line":86,"column":16}},"loc":{"start":{"line":86,"column":41},"end":{"line":102,"column":1}},"line":86}},"branchMap":{"0":{"loc":{"start":{"line":28,"column":4},"end":{"line":40,"column":5}},"type":"if","locations":[{"start":{"line":28,"column":4},"end":{"line":40,"column":5}},{"start":{"line":34,"column":11},"end":{"line":40,"column":5}}],"line":28},"1":{"loc":{"start":{"line":65,"column":4},"end":{"line":77,"column":5}},"type":"if","locations":[{"start":{"line":65,"column":4},"end":{"line":77,"column":5}},{"start":{"line":71,"column":11},"end":{"line":77,"column":5}}],"line":65},"2":{"loc":{"start":{"line":90,"column":4},"end":{"line":98,"column":5}},"type":"if","locations":[{"start":{"line":90,"column":4},"end":{"line":98,"column":5}},{"start":{"line":92,"column":11},"end":{"line":98,"column":5}}],"line":90}},"s":{"0":2,"1":2,"2":2,"3":2,"4":2,"5":1,"6":1,"7":1,"8":2,"9":2,"10":2,"11":2,"12":2,"13":1,"14":1,"15":0,"16":2,"17":1,"18":1,"19":1,"20":1,"21":0,"22":2,"23":2,"24":2,"25":2,"26":2,"27":1,"28":1,"29":0,"30":2,"31":2,"32":2,"33":2,"34":2,"35":1,"36":1,"37":0,"38":2},"f":{"0":2,"1":2,"2":1,"3":2,"4":2},"b":{"0":[1,1],"1":[1,1],"2":[1,1]},"_coverageSchema":"1a1c01bbd47fc00a2c39e90264f33305004495a9","hash":"46309dd9f646a854481aabe8474af32067decd37"}
,"D:\\Developer\\BackEndEd\\homework3\\src\\controllers\\users.js": {"path":"D:\\Developer\\BackEndEd\\homework3\\src\\controllers\\users.js","statementMap":{"0":{"start":{"line":1,"column":21},"end":{"line":1,"column":52}},"1":{"start":{"line":2,"column":21},"end":{"line":2,"column":51}},"2":{"start":{"line":3,"column":21},"end":{"line":3,"column":55}},"3":{"start":{"line":5,"column":17},"end":{"line":33,"column":1}},"4":{"start":{"line":6,"column":30},"end":{"line":6,"column":38}},"5":{"start":{"line":7,"column":2},"end":{"line":18,"column":3}},"6":{"start":{"line":8,"column":17},"end":{"line":8,"column":57}},"7":{"start":{"line":9,"column":4},"end":{"line":15,"column":5}},"8":{"start":{"line":10,"column":6},"end":{"line":14,"column":9}},"9":{"start":{"line":17,"column":4},"end":{"line":17,"column":16}},"10":{"start":{"line":20,"column":2},"end":{"line":32,"column":3}},"11":{"start":{"line":21,"column":17},"end":{"line":21,"column":69}},"12":{"start":{"line":22,"column":4},"end":{"line":29,"column":7}},"13":{"start":{"line":31,"column":4},"end":{"line":31,"column":16}},"14":{"start":{"line":34,"column":14},"end":{"line":55,"column":1}},"15":{"start":{"line":35,"column":2},"end":{"line":54,"column":3}},"16":{"start":{"line":39,"column":8},"end":{"line":39,"column":42}},"17":{"start":{"line":40,"column":4},"end":{"line":46,"column":5}},"18":{"start":{"line":41,"column":6},"end":{"line":45,"column":9}},"19":{"start":{"line":48,"column":4},"end":{"line":51,"column":7}},"20":{"start":{"line":53,"column":4},"end":{"line":53,"column":16}},"21":{"start":{"line":56,"column":15},"end":{"line":64,"column":1}},"22":{"start":{"line":57,"column":13},"end":{"line":57,"column":24}},"23":{"start":{"line":58,"column":2},"end":{"line":63,"column":3}},"24":{"start":{"line":59,"column":4},"end":{"line":59,"column":34}},"25":{"start":{"line":60,"column":4},"end":{"line":60,"column":62}},"26":{"start":{"line":62,"column":4},"end":{"line":62,"column":16}},"27":{"start":{"line":66,"column":16},"end":{"line":84,"column":1}},"28":{"start":{"line":67,"column":13},"end":{"line":67,"column":24}},"29":{"start":{"line":68,"column":2},"end":{"line":83,"column":3}},"30":{"start":{"line":69,"column":44},"end":{"line":69,"column":78}},"31":{"start":{"line":70,"column":4},"end":{"line":80,"column":7}},"32":{"start":{"line":82,"column":4},"end":{"line":82,"column":16}},"33":{"start":{"line":86,"column":27},"end":{"line":108,"column":1}},"34":{"start":{"line":87,"column":13},"end":{"line":87,"column":24}},"35":{"start":{"line":89,"column":2},"end":{"line":107,"column":3}},"36":{"start":{"line":90,"column":36},"end":{"line":93,"column":5}},"37":{"start":{"line":95,"column":4},"end":{"line":104,"column":7}},"38":{"start":{"line":106,"column":4},"end":{"line":106,"column":16}},"39":{"start":{"line":110,"column":21},"end":{"line":126,"column":1}},"40":{"start":{"line":111,"column":13},"end":{"line":111,"column":24}},"41":{"start":{"line":112,"column":19},"end":{"line":112,"column":32}},"42":{"start":{"line":113,"column":2},"end":{"line":125,"column":3}},"43":{"start":{"line":114,"column":43},"end":{"line":117,"column":5}},"44":{"start":{"line":118,"column":4},"end":{"line":122,"column":7}},"45":{"start":{"line":124,"column":4},"end":{"line":124,"column":16}},"46":{"start":{"line":128,"column":0},"end":{"line":135,"column":2}}},"fnMap":{"0":{"name":"(anonymous_0)","decl":{"start":{"line":5,"column":17},"end":{"line":5,"column":18}},"loc":{"start":{"line":5,"column":43},"end":{"line":33,"column":1}},"line":5},"1":{"name":"(anonymous_1)","decl":{"start":{"line":34,"column":14},"end":{"line":34,"column":15}},"loc":{"start":{"line":34,"column":40},"end":{"line":55,"column":1}},"line":34},"2":{"name":"(anonymous_2)","decl":{"start":{"line":56,"column":15},"end":{"line":56,"column":16}},"loc":{"start":{"line":56,"column":41},"end":{"line":64,"column":1}},"line":56},"3":{"name":"(anonymous_3)","decl":{"start":{"line":66,"column":16},"end":{"line":66,"column":17}},"loc":{"start":{"line":66,"column":42},"end":{"line":84,"column":1}},"line":66},"4":{"name":"(anonymous_4)","decl":{"start":{"line":86,"column":27},"end":{"line":86,"column":28}},"loc":{"start":{"line":86,"column":53},"end":{"line":108,"column":1}},"line":86},"5":{"name":"(anonymous_5)","decl":{"start":{"line":110,"column":21},"end":{"line":110,"column":22}},"loc":{"start":{"line":110,"column":47},"end":{"line":126,"column":1}},"line":110}},"branchMap":{"0":{"loc":{"start":{"line":9,"column":4},"end":{"line":15,"column":5}},"type":"if","locations":[{"start":{"line":9,"column":4},"end":{"line":15,"column":5}},{"start":{},"end":{}}],"line":9},"1":{"loc":{"start":{"line":40,"column":4},"end":{"line":46,"column":5}},"type":"if","locations":[{"start":{"line":40,"column":4},"end":{"line":46,"column":5}},{"start":{},"end":{}}],"line":40}},"s":{"0":1,"1":1,"2":1,"3":1,"4":0,"5":0,"6":0,"7":0,"8":0,"9":0,"10":0,"11":0,"12":0,"13":0,"14":1,"15":0,"16":0,"17":0,"18":0,"19":0,"20":0,"21":1,"22":0,"23":0,"24":0,"25":0,"26":0,"27":1,"28":0,"29":0,"30":0,"31":0,"32":0,"33":1,"34":0,"35":0,"36":0,"37":0,"38":0,"39":1,"40":0,"41":0,"42":0,"43":0,"44":0,"45":0,"46":1},"f":{"0":0,"1":0,"2":0,"3":0,"4":0,"5":0},"b":{"0":[0,0],"1":[0,0]},"_coverageSchema":"1a1c01bbd47fc00a2c39e90264f33305004495a9","hash":"773b368093bcf417381d42e7ffe42ef9b47b1af7"}
,"D:\\Developer\\BackEndEd\\homework3\\src\\helpers\\constants.js": {"path":"D:\\Developer\\BackEndEd\\homework3\\src\\helpers\\constants.js","statementMap":{"0":{"start":{"line":1,"column":17},"end":{"line":11,"column":1}},"1":{"start":{"line":13,"column":0},"end":{"line":13,"column":30}}},"fnMap":{},"branchMap":{},"s":{"0":2,"1":2},"f":{},"b":{},"_coverageSchema":"1a1c01bbd47fc00a2c39e90264f33305004495a9","hash":"9b1dc93d7f9e7e8956ebcc69cba67f66eef47e9e"}
,"D:\\Developer\\BackEndEd\\homework3\\src\\helpers\\error-handler.js": {"path":"D:\\Developer\\BackEndEd\\homework3\\src\\helpers\\error-handler.js","statementMap":{"0":{"start":{"line":3,"column":4},"end":{"line":3,"column":12}},"1":{"start":{"line":4,"column":4},"end":{"line":4,"column":25}},"2":{"start":{"line":5,"column":4},"end":{"line":5,"column":27}},"3":{"start":{"line":6,"column":4},"end":{"line":6,"column":21}},"4":{"start":{"line":10,"column":0},"end":{"line":10,"column":34}}},"fnMap":{"0":{"name":"(anonymous_0)","decl":{"start":{"line":2,"column":2},"end":{"line":2,"column":3}},"loc":{"start":{"line":2,"column":44},"end":{"line":7,"column":3}},"line":2}},"branchMap":{"0":{"loc":{"start":{"line":2,"column":31},"end":{"line":2,"column":42}},"type":"default-arg","locations":[{"start":{"line":2,"column":38},"end":{"line":2,"column":42}}],"line":2}},"s":{"0":0,"1":0,"2":0,"3":0,"4":1},"f":{"0":0},"b":{"0":[0]},"_coverageSchema":"1a1c01bbd47fc00a2c39e90264f33305004495a9","hash":"57183db9c6238f4a668bd0746f0aed05bab7a118"}
,"D:\\Developer\\BackEndEd\\homework3\\src\\helpers\\guard.js": {"path":"D:\\Developer\\BackEndEd\\homework3\\src\\helpers\\guard.js","statementMap":{"0":{"start":{"line":1,"column":17},"end":{"line":1,"column":36}},"1":{"start":{"line":2,"column":21},"end":{"line":2,"column":43}},"2":{"start":{"line":3,"column":0},"end":{"line":3,"column":31}},"3":{"start":{"line":5,"column":14},"end":{"line":17,"column":1}},"4":{"start":{"line":6,"column":2},"end":{"line":16,"column":21}},"5":{"start":{"line":7,"column":4},"end":{"line":12,"column":5}},"6":{"start":{"line":8,"column":6},"end":{"line":11,"column":9}},"7":{"start":{"line":14,"column":4},"end":{"line":14,"column":20}},"8":{"start":{"line":15,"column":4},"end":{"line":15,"column":18}},"9":{"start":{"line":19,"column":0},"end":{"line":19,"column":23}}},"fnMap":{"0":{"name":"(anonymous_0)","decl":{"start":{"line":5,"column":14},"end":{"line":5,"column":15}},"loc":{"start":{"line":5,"column":34},"end":{"line":17,"column":1}},"line":5},"1":{"name":"(anonymous_1)","decl":{"start":{"line":6,"column":51},"end":{"line":6,"column":52}},"loc":{"start":{"line":6,"column":66},"end":{"line":16,"column":3}},"line":6}},"branchMap":{"0":{"loc":{"start":{"line":7,"column":4},"end":{"line":12,"column":5}},"type":"if","locations":[{"start":{"line":7,"column":4},"end":{"line":12,"column":5}},{"start":{},"end":{}}],"line":7},"1":{"loc":{"start":{"line":7,"column":8},"end":{"line":7,"column":20}},"type":"binary-expr","locations":[{"start":{"line":7,"column":8},"end":{"line":7,"column":11}},{"start":{"line":7,"column":15},"end":{"line":7,"column":20}}],"line":7}},"s":{"0":1,"1":1,"2":1,"3":1,"4":0,"5":0,"6":0,"7":0,"8":0,"9":1},"f":{"0":0,"1":0},"b":{"0":[0,0],"1":[0,0]},"_coverageSchema":"1a1c01bbd47fc00a2c39e90264f33305004495a9","hash":"fd68915b0d5789e2a2a8820438f1075a7ad460f1"}
,"D:\\Developer\\BackEndEd\\homework3\\src\\helpers\\uploader.js": {"path":"D:\\Developer\\BackEndEd\\homework3\\src\\helpers\\uploader.js","statementMap":{"0":{"start":{"line":1,"column":13},"end":{"line":1,"column":28}},"1":{"start":{"line":2,"column":15},"end":{"line":2,"column":32}},"2":{"start":{"line":3,"column":0},"end":{"line":3,"column":27}},"3":{"start":{"line":5,"column":19},"end":{"line":5,"column":67}},"4":{"start":{"line":7,"column":16},"end":{"line":16,"column":2}},"5":{"start":{"line":9,"column":4},"end":{"line":9,"column":25}},"6":{"start":{"line":13,"column":25},"end":{"line":13,"column":57}},"7":{"start":{"line":14,"column":4},"end":{"line":14,"column":53}},"8":{"start":{"line":18,"column":19},"end":{"line":25,"column":1}},"9":{"start":{"line":19,"column":2},"end":{"line":22,"column":3}},"10":{"start":{"line":20,"column":4},"end":{"line":20,"column":19}},"11":{"start":{"line":21,"column":4},"end":{"line":21,"column":11}},"12":{"start":{"line":24,"column":2},"end":{"line":24,"column":18}},"13":{"start":{"line":27,"column":15},"end":{"line":27,"column":46}},"14":{"start":{"line":29,"column":0},"end":{"line":29,"column":28}}},"fnMap":{"0":{"name":"(anonymous_0)","decl":{"start":{"line":8,"column":15},"end":{"line":8,"column":16}},"loc":{"start":{"line":8,"column":34},"end":{"line":10,"column":3}},"line":8},"1":{"name":"(anonymous_1)","decl":{"start":{"line":12,"column":12},"end":{"line":12,"column":13}},"loc":{"start":{"line":12,"column":31},"end":{"line":15,"column":3}},"line":12},"2":{"name":"(anonymous_2)","decl":{"start":{"line":18,"column":19},"end":{"line":18,"column":20}},"loc":{"start":{"line":18,"column":38},"end":{"line":25,"column":1}},"line":18}},"branchMap":{"0":{"loc":{"start":{"line":19,"column":2},"end":{"line":22,"column":3}},"type":"if","locations":[{"start":{"line":19,"column":2},"end":{"line":22,"column":3}},{"start":{},"end":{}}],"line":19}},"s":{"0":1,"1":1,"2":1,"3":1,"4":1,"5":0,"6":0,"7":0,"8":1,"9":0,"10":0,"11":0,"12":0,"13":1,"14":1},"f":{"0":0,"1":0,"2":0},"b":{"0":[0,0]},"_coverageSchema":"1a1c01bbd47fc00a2c39e90264f33305004495a9","hash":"1c01f8ef7ff196934c9a5e95b9f6f49ac5f5362e"}
,"D:\\Developer\\BackEndEd\\homework3\\src\\helpers\\validation\\validator.js": {"path":"D:\\Developer\\BackEndEd\\homework3\\src\\helpers\\validation\\validator.js","statementMap":{"0":{"start":{"line":1,"column":21},"end":{"line":1,"column":44}},"1":{"start":{"line":3,"column":17},"end":{"line":14,"column":1}},"2":{"start":{"line":4,"column":20},"end":{"line":4,"column":41}},"3":{"start":{"line":5,"column":2},"end":{"line":12,"column":3}},"4":{"start":{"line":6,"column":26},"end":{"line":6,"column":39}},"5":{"start":{"line":7,"column":4},"end":{"line":11,"column":7}},"6":{"start":{"line":13,"column":2},"end":{"line":13,"column":9}},"7":{"start":{"line":16,"column":0},"end":{"line":16,"column":30}}},"fnMap":{"0":{"name":"(anonymous_0)","decl":{"start":{"line":3,"column":17},"end":{"line":3,"column":18}},"loc":{"start":{"line":3,"column":41},"end":{"line":14,"column":1}},"line":3}},"branchMap":{"0":{"loc":{"start":{"line":5,"column":2},"end":{"line":12,"column":3}},"type":"if","locations":[{"start":{"line":5,"column":2},"end":{"line":12,"column":3}},{"start":{},"end":{}}],"line":5}},"s":{"0":1,"1":1,"2":0,"3":0,"4":0,"5":0,"6":0,"7":1},"f":{"0":0},"b":{"0":[0,0]},"_coverageSchema":"1a1c01bbd47fc00a2c39e90264f33305004495a9","hash":"df59a940b54194c821f150a6f0da9b68f899ca65"}
,"D:\\Developer\\BackEndEd\\homework3\\src\\helpers\\validation\\contacts\\shemas.js": {"path":"D:\\Developer\\BackEndEd\\homework3\\src\\helpers\\validation\\contacts\\shemas.js","statementMap":{"0":{"start":{"line":1,"column":12},"end":{"line":1,"column":26}},"1":{"start":{"line":3,"column":28},"end":{"line":7,"column":2}},"2":{"start":{"line":9,"column":28},"end":{"line":13,"column":31}},"3":{"start":{"line":15,"column":34},"end":{"line":17,"column":2}},"4":{"start":{"line":19,"column":0},"end":{"line":23,"column":2}}},"fnMap":{},"branchMap":{},"s":{"0":1,"1":1,"2":1,"3":1,"4":1},"f":{},"b":{},"_coverageSchema":"1a1c01bbd47fc00a2c39e90264f33305004495a9","hash":"12a12bee2de38a30b309808b7a039370d57532bc"}
,"D:\\Developer\\BackEndEd\\homework3\\src\\helpers\\validation\\contacts\\validate-contact.js": {"path":"D:\\Developer\\BackEndEd\\homework3\\src\\helpers\\validation\\contacts\\validate-contact.js","statementMap":{"0":{"start":{"line":1,"column":21},"end":{"line":1,"column":47}},"1":{"start":{"line":6,"column":4},"end":{"line":6,"column":26}},"2":{"start":{"line":8,"column":24},"end":{"line":18,"column":1}},"3":{"start":{"line":10,"column":4},"end":{"line":10,"column":57}},"4":{"start":{"line":13,"column":4},"end":{"line":13,"column":57}},"5":{"start":{"line":16,"column":4},"end":{"line":16,"column":63}},"6":{"start":{"line":20,"column":0},"end":{"line":20,"column":37}}},"fnMap":{"0":{"name":"(anonymous_0)","decl":{"start":{"line":9,"column":10},"end":{"line":9,"column":11}},"loc":{"start":{"line":9,"column":30},"end":{"line":11,"column":3}},"line":9},"1":{"name":"(anonymous_1)","decl":{"start":{"line":12,"column":10},"end":{"line":12,"column":11}},"loc":{"start":{"line":12,"column":30},"end":{"line":14,"column":3}},"line":12},"2":{"name":"(anonymous_2)","decl":{"start":{"line":15,"column":16},"end":{"line":15,"column":17}},"loc":{"start":{"line":15,"column":36},"end":{"line":17,"column":3}},"line":15}},"branchMap":{},"s":{"0":1,"1":1,"2":1,"3":0,"4":0,"5":0,"6":1},"f":{"0":0,"1":0,"2":0},"b":{},"_coverageSchema":"1a1c01bbd47fc00a2c39e90264f33305004495a9","hash":"629bcf623c0c8e4b659d743eb4f82b3ef1bc2068"}
,"D:\\Developer\\BackEndEd\\homework3\\src\\helpers\\validation\\users\\schemas.js": {"path":"D:\\Developer\\BackEndEd\\homework3\\src\\helpers\\validation\\users\\schemas.js","statementMap":{"0":{"start":{"line":1,"column":12},"end":{"line":1,"column":26}},"1":{"start":{"line":3,"column":25},"end":{"line":6,"column":2}},"2":{"start":{"line":8,"column":27},"end":{"line":10,"column":2}},"3":{"start":{"line":12,"column":0},"end":{"line":12,"column":58}}},"fnMap":{},"branchMap":{},"s":{"0":1,"1":1,"2":1,"3":1},"f":{},"b":{},"_coverageSchema":"1a1c01bbd47fc00a2c39e90264f33305004495a9","hash":"63273f41bc752044803869fbad0d0aa70da090cb"}
,"D:\\Developer\\BackEndEd\\homework3\\src\\helpers\\validation\\users\\validate-user.js": {"path":"D:\\Developer\\BackEndEd\\homework3\\src\\helpers\\validation\\users\\validate-user.js","statementMap":{"0":{"start":{"line":1,"column":12},"end":{"line":1,"column":26}},"1":{"start":{"line":2,"column":21},"end":{"line":2,"column":44}},"2":{"start":{"line":3,"column":49},"end":{"line":3,"column":69}},"3":{"start":{"line":5,"column":21},"end":{"line":12,"column":1}},"4":{"start":{"line":7,"column":4},"end":{"line":7,"column":54}},"5":{"start":{"line":10,"column":4},"end":{"line":10,"column":56}},"6":{"start":{"line":14,"column":0},"end":{"line":14,"column":34}}},"fnMap":{"0":{"name":"(anonymous_0)","decl":{"start":{"line":6,"column":10},"end":{"line":6,"column":11}},"loc":{"start":{"line":6,"column":30},"end":{"line":8,"column":3}},"line":6},"1":{"name":"(anonymous_1)","decl":{"start":{"line":9,"column":16},"end":{"line":9,"column":17}},"loc":{"start":{"line":9,"column":36},"end":{"line":11,"column":3}},"line":9}},"branchMap":{},"s":{"0":1,"1":1,"2":1,"3":1,"4":0,"5":0,"6":1},"f":{"0":0,"1":0},"b":{},"_coverageSchema":"1a1c01bbd47fc00a2c39e90264f33305004495a9","hash":"8f9db3b97936f02643e1d2f656229ea73c507571"}
,"D:\\Developer\\BackEndEd\\homework3\\src\\models\\contacts.js": {"path":"D:\\Developer\\BackEndEd\\homework3\\src\\models\\contacts.js","statementMap":{"0":{"start":{"line":1,"column":17},"end":{"line":1,"column":36}},"1":{"start":{"line":2,"column":25},"end":{"line":2,"column":56}},"2":{"start":{"line":3,"column":19},"end":{"line":3,"column":27}},"3":{"start":{"line":5,"column":22},"end":{"line":38,"column":1}},"4":{"start":{"line":18,"column":19},"end":{"line":18,"column":33}},"5":{"start":{"line":19,"column":8},"end":{"line":19,"column":52}},"6":{"start":{"line":40,"column":0},"end":{"line":40,"column":39}},"7":{"start":{"line":42,"column":16},"end":{"line":42,"column":56}},"8":{"start":{"line":44,"column":0},"end":{"line":44,"column":25}}},"fnMap":{"0":{"name":"(anonymous_0)","decl":{"start":{"line":17,"column":6},"end":{"line":17,"column":7}},"loc":{"start":{"line":17,"column":22},"end":{"line":20,"column":7}},"line":17}},"branchMap":{},"s":{"0":1,"1":1,"2":1,"3":1,"4":0,"5":0,"6":1,"7":1,"8":1},"f":{"0":0},"b":{},"_coverageSchema":"1a1c01bbd47fc00a2c39e90264f33305004495a9","hash":"f1e66f6c3e95e7d0d7e30b48fc0cf7e06bde1bd9"}
,"D:\\Developer\\BackEndEd\\homework3\\src\\models\\users.js": {"path":"D:\\Developer\\BackEndEd\\homework3\\src\\models\\users.js","statementMap":{"0":{"start":{"line":1,"column":17},"end":{"line":1,"column":36}},"1":{"start":{"line":2,"column":19},"end":{"line":2,"column":27}},"2":{"start":{"line":3,"column":15},"end":{"line":3,"column":32}},"3":{"start":{"line":4,"column":17},"end":{"line":4,"column":36}},"4":{"start":{"line":6,"column":20},"end":{"line":6,"column":21}},"5":{"start":{"line":8,"column":19},"end":{"line":47,"column":1}},"6":{"start":{"line":19,"column":19},"end":{"line":19,"column":33}},"7":{"start":{"line":20,"column":8},"end":{"line":20,"column":52}},"8":{"start":{"line":38,"column":8},"end":{"line":38,"column":60}},"9":{"start":{"line":49,"column":0},"end":{"line":57,"column":3}},"10":{"start":{"line":50,"column":2},"end":{"line":50,"column":50}},"11":{"start":{"line":50,"column":36},"end":{"line":50,"column":50}},"12":{"start":{"line":51,"column":2},"end":{"line":54,"column":4}},"13":{"start":{"line":56,"column":2},"end":{"line":56,"column":9}},"14":{"start":{"line":59,"column":0},"end":{"line":61,"column":2}},"15":{"start":{"line":60,"column":2},"end":{"line":60,"column":55}},"16":{"start":{"line":63,"column":13},"end":{"line":63,"column":47}},"17":{"start":{"line":65,"column":0},"end":{"line":65,"column":22}}},"fnMap":{"0":{"name":"(anonymous_0)","decl":{"start":{"line":18,"column":6},"end":{"line":18,"column":7}},"loc":{"start":{"line":18,"column":22},"end":{"line":21,"column":7}},"line":18},"1":{"name":"(anonymous_1)","decl":{"start":{"line":37,"column":15},"end":{"line":37,"column":16}},"loc":{"start":{"line":37,"column":21},"end":{"line":39,"column":7}},"line":37},"2":{"name":"(anonymous_2)","decl":{"start":{"line":49,"column":23},"end":{"line":49,"column":24}},"loc":{"start":{"line":49,"column":45},"end":{"line":57,"column":1}},"line":49},"3":{"name":"(anonymous_3)","decl":{"start":{"line":59,"column":38},"end":{"line":59,"column":39}},"loc":{"start":{"line":59,"column":64},"end":{"line":61,"column":1}},"line":59}},"branchMap":{"0":{"loc":{"start":{"line":50,"column":2},"end":{"line":50,"column":50}},"type":"if","locations":[{"start":{"line":50,"column":2},"end":{"line":50,"column":50}},{"start":{},"end":{}}],"line":50}},"s":{"0":1,"1":1,"2":1,"3":1,"4":1,"5":1,"6":0,"7":0,"8":0,"9":1,"10":0,"11":0,"12":0,"13":0,"14":1,"15":0,"16":1,"17":1},"f":{"0":0,"1":0,"2":0,"3":0},"b":{"0":[0,0]},"_coverageSchema":"1a1c01bbd47fc00a2c39e90264f33305004495a9","hash":"ec6da876af2767f5f3c6b7421ed4ea8fc4bc5435"}
,"D:\\Developer\\BackEndEd\\homework3\\src\\repository\\contacts.js": {"path":"D:\\Developer\\BackEndEd\\homework3\\src\\repository\\contacts.js","statementMap":{"0":{"start":{"line":1,"column":16},"end":{"line":1,"column":48}},"1":{"start":{"line":3,"column":23},"end":{"line":24,"column":1}},"2":{"start":{"line":7,"column":15},"end":{"line":7,"column":72}},"3":{"start":{"line":9,"column":17},"end":{"line":9,"column":64}},"4":{"start":{"line":11,"column":17},"end":{"line":11,"column":75}},"5":{"start":{"line":13,"column":36},"end":{"line":22,"column":4}},"6":{"start":{"line":23,"column":2},"end":{"line":23,"column":50}},"7":{"start":{"line":26,"column":23},"end":{"line":32,"column":1}},"8":{"start":{"line":27,"column":18},"end":{"line":30,"column":44}},"9":{"start":{"line":31,"column":2},"end":{"line":31,"column":17}},"10":{"start":{"line":34,"column":22},"end":{"line":40,"column":1}},"11":{"start":{"line":35,"column":18},"end":{"line":38,"column":4}},"12":{"start":{"line":39,"column":2},"end":{"line":39,"column":17}},"13":{"start":{"line":42,"column":22},"end":{"line":45,"column":1}},"14":{"start":{"line":43,"column":18},"end":{"line":43,"column":66}},"15":{"start":{"line":44,"column":2},"end":{"line":44,"column":17}},"16":{"start":{"line":47,"column":22},"end":{"line":56,"column":1}},"17":{"start":{"line":48,"column":18},"end":{"line":54,"column":3}},"18":{"start":{"line":55,"column":2},"end":{"line":55,"column":17}},"19":{"start":{"line":58,"column":0},"end":{"line":64,"column":2}}},"fnMap":{"0":{"name":"(anonymous_0)","decl":{"start":{"line":3,"column":23},"end":{"line":3,"column":24}},"loc":{"start":{"line":6,"column":5},"end":{"line":24,"column":1}},"line":6},"1":{"name":"(anonymous_1)","decl":{"start":{"line":26,"column":23},"end":{"line":26,"column":24}},"loc":{"start":{"line":26,"column":52},"end":{"line":32,"column":1}},"line":26},"2":{"name":"(anonymous_2)","decl":{"start":{"line":34,"column":22},"end":{"line":34,"column":23}},"loc":{"start":{"line":34,"column":51},"end":{"line":40,"column":1}},"line":34},"3":{"name":"(anonymous_3)","decl":{"start":{"line":42,"column":22},"end":{"line":42,"column":23}},"loc":{"start":{"line":42,"column":46},"end":{"line":45,"column":1}},"line":42},"4":{"name":"(anonymous_4)","decl":{"start":{"line":47,"column":22},"end":{"line":47,"column":23}},"loc":{"start":{"line":47,"column":57},"end":{"line":56,"column":1}},"line":47}},"branchMap":{"0":{"loc":{"start":{"line":5,"column":4},"end":{"line":5,"column":14}},"type":"default-arg","locations":[{"start":{"line":5,"column":13},"end":{"line":5,"column":14}}],"line":5},"1":{"loc":{"start":{"line":5,"column":16},"end":{"line":5,"column":25}},"type":"default-arg","locations":[{"start":{"line":5,"column":24},"end":{"line":5,"column":25}}],"line":5},"2":{"loc":{"start":{"line":7,"column":15},"end":{"line":7,"column":72}},"type":"cond-expr","locations":[{"start":{"line":7,"column":24},"end":{"line":7,"column":35}},{"start":{"line":7,"column":38},"end":{"line":7,"column":72}}],"line":7},"3":{"loc":{"start":{"line":7,"column":38},"end":{"line":7,"column":72}},"type":"cond-expr","locations":[{"start":{"line":7,"column":51},"end":{"line":7,"column":67}},{"start":{"line":7,"column":70},"end":{"line":7,"column":72}}],"line":7},"4":{"loc":{"start":{"line":9,"column":17},"end":{"line":9,"column":64}},"type":"cond-expr","locations":[{"start":{"line":9,"column":29},"end":{"line":9,"column":59}},{"start":{"line":9,"column":62},"end":{"line":9,"column":64}}],"line":9},"5":{"loc":{"start":{"line":11,"column":17},"end":{"line":11,"column":75}},"type":"cond-expr","locations":[{"start":{"line":11,"column":28},"end":{"line":11,"column":55}},{"start":{"line":11,"column":58},"end":{"line":11,"column":75}}],"line":11}},"s":{"0":1,"1":1,"2":0,"3":0,"4":0,"5":0,"6":0,"7":1,"8":0,"9":0,"10":1,"11":0,"12":0,"13":1,"14":0,"15":0,"16":1,"17":0,"18":0,"19":1},"f":{"0":0,"1":0,"2":0,"3":0,"4":0},"b":{"0":[0],"1":[0],"2":[0,0],"3":[0,0],"4":[0,0],"5":[0,0]},"_coverageSchema":"1a1c01bbd47fc00a2c39e90264f33305004495a9","hash":"41440518db4010a109b9be1d1342206c03364df0"}
,"D:\\Developer\\BackEndEd\\homework3\\src\\repository\\users.js": {"path":"D:\\Developer\\BackEndEd\\homework3\\src\\repository\\users.js","statementMap":{"0":{"start":{"line":1,"column":13},"end":{"line":1,"column":42}},"1":{"start":{"line":3,"column":20},"end":{"line":6,"column":1}},"2":{"start":{"line":4,"column":17},"end":{"line":4,"column":48}},"3":{"start":{"line":5,"column":2},"end":{"line":5,"column":16}},"4":{"start":{"line":7,"column":23},"end":{"line":10,"column":1}},"5":{"start":{"line":8,"column":17},"end":{"line":8,"column":46}},"6":{"start":{"line":9,"column":2},"end":{"line":9,"column":16}},"7":{"start":{"line":12,"column":21},"end":{"line":15,"column":1}},"8":{"start":{"line":13,"column":17},"end":{"line":13,"column":31}},"9":{"start":{"line":14,"column":2},"end":{"line":14,"column":23}},"10":{"start":{"line":16,"column":20},"end":{"line":18,"column":1}},"11":{"start":{"line":17,"column":2},"end":{"line":17,"column":47}},"12":{"start":{"line":20,"column":27},"end":{"line":30,"column":1}},"13":{"start":{"line":21,"column":15},"end":{"line":28,"column":3}},"14":{"start":{"line":29,"column":2},"end":{"line":29,"column":14}},"15":{"start":{"line":32,"column":21},"end":{"line":40,"column":1}},"16":{"start":{"line":33,"column":17},"end":{"line":37,"column":3}},"17":{"start":{"line":39,"column":2},"end":{"line":39,"column":16}},"18":{"start":{"line":42,"column":18},"end":{"line":49,"column":1}},"19":{"start":{"line":43,"column":17},"end":{"line":47,"column":4}},"20":{"start":{"line":48,"column":2},"end":{"line":48,"column":16}},"21":{"start":{"line":51,"column":0},"end":{"line":59,"column":2}}},"fnMap":{"0":{"name":"(anonymous_0)","decl":{"start":{"line":3,"column":20},"end":{"line":3,"column":21}},"loc":{"start":{"line":3,"column":34},"end":{"line":6,"column":1}},"line":3},"1":{"name":"(anonymous_1)","decl":{"start":{"line":7,"column":23},"end":{"line":7,"column":24}},"loc":{"start":{"line":7,"column":40},"end":{"line":10,"column":1}},"line":7},"2":{"name":"(anonymous_2)","decl":{"start":{"line":12,"column":21},"end":{"line":12,"column":22}},"loc":{"start":{"line":12,"column":37},"end":{"line":15,"column":1}},"line":12},"3":{"name":"(anonymous_3)","decl":{"start":{"line":16,"column":20},"end":{"line":16,"column":21}},"loc":{"start":{"line":16,"column":41},"end":{"line":18,"column":1}},"line":16},"4":{"name":"(anonymous_4)","decl":{"start":{"line":20,"column":27},"end":{"line":20,"column":28}},"loc":{"start":{"line":20,"column":55},"end":{"line":30,"column":1}},"line":20},"5":{"name":"(anonymous_5)","decl":{"start":{"line":32,"column":21},"end":{"line":32,"column":22}},"loc":{"start":{"line":32,"column":58},"end":{"line":40,"column":1}},"line":32},"6":{"name":"(anonymous_6)","decl":{"start":{"line":42,"column":18},"end":{"line":42,"column":19}},"loc":{"start":{"line":42,"column":32},"end":{"line":49,"column":1}},"line":42}},"branchMap":{},"s":{"0":1,"1":1,"2":0,"3":0,"4":1,"5":0,"6":0,"7":1,"8":0,"9":0,"10":1,"11":0,"12":1,"13":0,"14":0,"15":1,"16":0,"17":0,"18":1,"19":0,"20":0,"21":1},"f":{"0":0,"1":0,"2":0,"3":0,"4":0,"5":0,"6":0},"b":{},"_coverageSchema":"1a1c01bbd47fc00a2c39e90264f33305004495a9","hash":"3b42a0f31c9eabdff5becb03ee1bff745b63d0ec"}
,"D:\\Developer\\BackEndEd\\homework3\\src\\services\\auth.js": {"path":"D:\\Developer\\BackEndEd\\homework3\\src\\services\\auth.js","statementMap":{"0":{"start":{"line":1,"column":23},"end":{"line":1,"column":56}},"1":{"start":{"line":2,"column":12},"end":{"line":2,"column":35}},"2":{"start":{"line":3,"column":0},"end":{"line":3,"column":27}},"3":{"start":{"line":4,"column":19},"end":{"line":4,"column":45}},"4":{"start":{"line":6,"column":14},"end":{"line":17,"column":1}},"5":{"start":{"line":7,"column":15},"end":{"line":7,"column":57}},"6":{"start":{"line":8,"column":2},"end":{"line":10,"column":3}},"7":{"start":{"line":9,"column":4},"end":{"line":9,"column":16}},"8":{"start":{"line":12,"column":13},"end":{"line":12,"column":20}},"9":{"start":{"line":13,"column":18},"end":{"line":13,"column":24}},"10":{"start":{"line":14,"column":16},"end":{"line":14,"column":66}},"11":{"start":{"line":15,"column":2},"end":{"line":15,"column":46}},"12":{"start":{"line":16,"column":2},"end":{"line":16,"column":25}},"13":{"start":{"line":18,"column":15},"end":{"line":21,"column":1}},"14":{"start":{"line":19,"column":2},"end":{"line":19,"column":49}},"15":{"start":{"line":20,"column":2},"end":{"line":20,"column":9}},"16":{"start":{"line":23,"column":0},"end":{"line":23,"column":35}}},"fnMap":{"0":{"name":"(anonymous_0)","decl":{"start":{"line":6,"column":14},"end":{"line":6,"column":15}},"loc":{"start":{"line":6,"column":45},"end":{"line":17,"column":1}},"line":6},"1":{"name":"(anonymous_1)","decl":{"start":{"line":18,"column":15},"end":{"line":18,"column":16}},"loc":{"start":{"line":18,"column":33},"end":{"line":21,"column":1}},"line":18}},"branchMap":{"0":{"loc":{"start":{"line":8,"column":2},"end":{"line":10,"column":3}},"type":"if","locations":[{"start":{"line":8,"column":2},"end":{"line":10,"column":3}},{"start":{},"end":{}}],"line":8},"1":{"loc":{"start":{"line":8,"column":6},"end":{"line":8,"column":47}},"type":"binary-expr","locations":[{"start":{"line":8,"column":6},"end":{"line":8,"column":11}},{"start":{"line":8,"column":15},"end":{"line":8,"column":47}}],"line":8}},"s":{"0":1,"1":1,"2":1,"3":1,"4":1,"5":0,"6":0,"7":0,"8":0,"9":0,"10":0,"11":0,"12":0,"13":1,"14":0,"15":0,"16":1},"f":{"0":0,"1":0},"b":{"0":[0,0],"1":[0,0]},"_coverageSchema":"1a1c01bbd47fc00a2c39e90264f33305004495a9","hash":"42e54bda26ae6f32014e4a4d957b7df0c17a6537"}
,"D:\\Developer\\BackEndEd\\homework3\\src\\services\\contacts.js": {"path":"D:\\Developer\\BackEndEd\\homework3\\src\\services\\contacts.js","statementMap":{"0":{"start":{"line":1,"column":27},"end":{"line":1,"column":63}},"1":{"start":{"line":3,"column":23},"end":{"line":6,"column":1}},"2":{"start":{"line":4,"column":19},"end":{"line":4,"column":73}},"3":{"start":{"line":5,"column":2},"end":{"line":5,"column":18}},"4":{"start":{"line":8,"column":23},"end":{"line":11,"column":1}},"5":{"start":{"line":9,"column":18},"end":{"line":9,"column":76}},"6":{"start":{"line":10,"column":2},"end":{"line":10,"column":17}},"7":{"start":{"line":13,"column":22},"end":{"line":16,"column":1}},"8":{"start":{"line":14,"column":18},"end":{"line":14,"column":70}},"9":{"start":{"line":15,"column":2},"end":{"line":15,"column":17}},"10":{"start":{"line":18,"column":22},"end":{"line":25,"column":1}},"11":{"start":{"line":19,"column":18},"end":{"line":23,"column":3}},"12":{"start":{"line":24,"column":2},"end":{"line":24,"column":17}},"13":{"start":{"line":27,"column":22},"end":{"line":30,"column":1}},"14":{"start":{"line":28,"column":18},"end":{"line":28,"column":75}},"15":{"start":{"line":29,"column":2},"end":{"line":29,"column":17}},"16":{"start":{"line":32,"column":0},"end":{"line":38,"column":2}}},"fnMap":{"0":{"name":"(anonymous_0)","decl":{"start":{"line":3,"column":23},"end":{"line":3,"column":24}},"loc":{"start":{"line":3,"column":48},"end":{"line":6,"column":1}},"line":3},"1":{"name":"(anonymous_1)","decl":{"start":{"line":8,"column":23},"end":{"line":8,"column":24}},"loc":{"start":{"line":8,"column":56},"end":{"line":11,"column":1}},"line":8},"2":{"name":"(anonymous_2)","decl":{"start":{"line":13,"column":22},"end":{"line":13,"column":23}},"loc":{"start":{"line":13,"column":46},"end":{"line":16,"column":1}},"line":13},"3":{"name":"(anonymous_3)","decl":{"start":{"line":18,"column":22},"end":{"line":18,"column":23}},"loc":{"start":{"line":18,"column":61},"end":{"line":25,"column":1}},"line":18},"4":{"name":"(anonymous_4)","decl":{"start":{"line":27,"column":22},"end":{"line":27,"column":23}},"loc":{"start":{"line":27,"column":55},"end":{"line":30,"column":1}},"line":27}},"branchMap":{},"s":{"0":1,"1":1,"2":0,"3":0,"4":1,"5":0,"6":0,"7":1,"8":0,"9":0,"10":1,"11":0,"12":0,"13":1,"14":0,"15":0,"16":1},"f":{"0":0,"1":0,"2":0,"3":0,"4":0},"b":{},"_coverageSchema":"1a1c01bbd47fc00a2c39e90264f33305004495a9","hash":"7f39d61a6dc24ea43291599b86af1ce7290d2989"}
,"D:\\Developer\\BackEndEd\\homework3\\src\\services\\users.js": {"path":"D:\\Developer\\BackEndEd\\homework3\\src\\services\\users.js","statementMap":{"0":{"start":{"line":1,"column":11},"end":{"line":1,"column":33}},"1":{"start":{"line":2,"column":23},"end":{"line":2,"column":58}},"2":{"start":{"line":3,"column":25},"end":{"line":3,"column":63}},"3":{"start":{"line":4,"column":23},"end":{"line":4,"column":56}},"4":{"start":{"line":6,"column":20},"end":{"line":9,"column":1}},"5":{"start":{"line":7,"column":17},"end":{"line":7,"column":53}},"6":{"start":{"line":8,"column":2},"end":{"line":8,"column":16}},"7":{"start":{"line":10,"column":23},"end":{"line":13,"column":1}},"8":{"start":{"line":11,"column":17},"end":{"line":11,"column":59}},"9":{"start":{"line":12,"column":2},"end":{"line":12,"column":16}},"10":{"start":{"line":15,"column":21},"end":{"line":18,"column":1}},"11":{"start":{"line":16,"column":15},"end":{"line":16,"column":54}},"12":{"start":{"line":17,"column":2},"end":{"line":17,"column":14}},"13":{"start":{"line":20,"column":27},"end":{"line":23,"column":1}},"14":{"start":{"line":21,"column":15},"end":{"line":21,"column":72}},"15":{"start":{"line":22,"column":2},"end":{"line":22,"column":14}},"16":{"start":{"line":25,"column":21},"end":{"line":47,"column":1}},"17":{"start":{"line":26,"column":2},"end":{"line":46,"column":3}},"18":{"start":{"line":27,"column":38},"end":{"line":34,"column":5}},"19":{"start":{"line":35,"column":22},"end":{"line":35,"column":56}},"20":{"start":{"line":36,"column":19},"end":{"line":36,"column":79}},"21":{"start":{"line":37,"column":4},"end":{"line":40,"column":26}},"22":{"start":{"line":41,"column":4},"end":{"line":41,"column":24}},"23":{"start":{"line":43,"column":4},"end":{"line":43,"column":18}},"24":{"start":{"line":45,"column":4},"end":{"line":45,"column":56}},"25":{"start":{"line":49,"column":0},"end":{"line":55,"column":2}}},"fnMap":{"0":{"name":"(anonymous_0)","decl":{"start":{"line":6,"column":20},"end":{"line":6,"column":21}},"loc":{"start":{"line":6,"column":34},"end":{"line":9,"column":1}},"line":6},"1":{"name":"(anonymous_1)","decl":{"start":{"line":10,"column":23},"end":{"line":10,"column":24}},"loc":{"start":{"line":10,"column":40},"end":{"line":13,"column":1}},"line":10},"2":{"name":"(anonymous_2)","decl":{"start":{"line":15,"column":21},"end":{"line":15,"column":22}},"loc":{"start":{"line":15,"column":37},"end":{"line":18,"column":1}},"line":15},"3":{"name":"(anonymous_3)","decl":{"start":{"line":20,"column":27},"end":{"line":20,"column":28}},"loc":{"start":{"line":20,"column":59},"end":{"line":23,"column":1}},"line":20},"4":{"name":"(anonymous_4)","decl":{"start":{"line":25,"column":21},"end":{"line":25,"column":22}},"loc":{"start":{"line":25,"column":45},"end":{"line":47,"column":1}},"line":25}},"branchMap":{},"s":{"0":1,"1":1,"2":1,"3":1,"4":1,"5":0,"6":0,"7":1,"8":0,"9":0,"10":1,"11":0,"12":0,"13":1,"14":0,"15":0,"16":1,"17":0,"18":0,"19":0,"20":0,"21":0,"22":0,"23":0,"24":0,"25":1},"f":{"0":0,"1":0,"2":0,"3":0,"4":0},"b":{},"_coverageSchema":"1a1c01bbd47fc00a2c39e90264f33305004495a9","hash":"a7e07b89a5abc95a626238d0944226dbe4d53bd0"}
}
